2023-01-14 13:45:56 [restartedMain] INFO  com.hms.api.HmsApplication - Starting HmsApplication using Java 17 on LENOVO with PID 10576 (C:\Workspace\final industrialproject\HMS\target\classes started by RAM in C:\Workspace\final industrialproject\HMS)
2023-01-14 13:45:56 [restartedMain] INFO  com.hms.api.HmsApplication - No active profile set, falling back to default profiles: default
2023-01-14 13:45:56 [restartedMain] INFO  o.s.b.d.e.DevToolsPropertyDefaultsPostProcessor - Devtools property defaults active! Set 'spring.devtools.add-properties' to 'false' to disable
2023-01-14 13:45:56 [restartedMain] INFO  o.s.b.d.e.DevToolsPropertyDefaultsPostProcessor - For additional web related logging consider setting the 'logging.level.web' property to 'DEBUG'
2023-01-14 13:45:57 [restartedMain] INFO  o.s.d.r.c.RepositoryConfigurationDelegate - Bootstrapping Spring Data JPA repositories in DEFAULT mode.
2023-01-14 13:45:57 [restartedMain] INFO  o.s.d.r.c.RepositoryConfigurationDelegate - Finished Spring Data repository scanning in 14 ms. Found 0 JPA repository interfaces.
2023-01-14 13:45:58 [restartedMain] INFO  o.s.b.w.e.tomcat.TomcatWebServer - Tomcat initialized with port(s): 8090 (http)
2023-01-14 13:45:58 [restartedMain] INFO  o.a.catalina.core.StandardService - Starting service [Tomcat]
2023-01-14 13:45:58 [restartedMain] INFO  o.a.catalina.core.StandardEngine - Starting Servlet engine: [Apache Tomcat/9.0.48]
2023-01-14 13:45:58 [restartedMain] INFO  o.a.c.c.C.[Tomcat].[localhost].[/] - Initializing Spring embedded WebApplicationContext
2023-01-14 13:45:58 [restartedMain] INFO  o.s.b.w.s.c.ServletWebServerApplicationContext - Root WebApplicationContext: initialization completed in 1471 ms
2023-01-14 13:45:58 [restartedMain] INFO  org.hibernate.Version - HHH000412: Hibernate ORM core version 5.4.32.Final
2023-01-14 13:45:59 [restartedMain] INFO  o.h.annotations.common.Version - HCANN000001: Hibernate Commons Annotations {5.1.2.Final}
2023-01-14 13:46:00 [restartedMain] INFO  org.hibernate.dialect.Dialect - HHH000400: Using dialect: org.hibernate.dialect.MySQL8Dialect
2023-01-14 13:46:01 [restartedMain] INFO  o.h.e.t.j.p.i.JtaPlatformInitiator - HHH000490: Using JtaPlatform implementation: [org.hibernate.engine.transaction.jta.platform.internal.NoJtaPlatform]
2023-01-14 13:46:01 [restartedMain] INFO  o.s.s.web.DefaultSecurityFilterChain - Will secure Ant [pattern='/v2/api-docs'] with []
2023-01-14 13:46:01 [restartedMain] INFO  o.s.s.web.DefaultSecurityFilterChain - Will secure Ant [pattern='/configuration/ui'] with []
2023-01-14 13:46:01 [restartedMain] INFO  o.s.s.web.DefaultSecurityFilterChain - Will secure Ant [pattern='/swagger-resources/**'] with []
2023-01-14 13:46:01 [restartedMain] INFO  o.s.s.web.DefaultSecurityFilterChain - Will secure Ant [pattern='/configuration/security'] with []
2023-01-14 13:46:01 [restartedMain] INFO  o.s.s.web.DefaultSecurityFilterChain - Will secure Ant [pattern='/swagger-ui.html#/**'] with []
2023-01-14 13:46:01 [restartedMain] INFO  o.s.s.web.DefaultSecurityFilterChain - Will secure Ant [pattern='/webjars/**'] with []
2023-01-14 13:46:01 [restartedMain] INFO  o.s.s.web.DefaultSecurityFilterChain - Will secure any request with [org.springframework.security.web.context.request.async.WebAsyncManagerIntegrationFilter@aee839b, org.springframework.security.web.context.SecurityContextPersistenceFilter@619d61d5, org.springframework.security.web.header.HeaderWriterFilter@22952b37, org.springframework.security.web.authentication.logout.LogoutFilter@1b478190, com.hms.api.config.JwtAuthenticationFilter@4956b31, org.springframework.security.web.authentication.www.BasicAuthenticationFilter@41aaa8e5, org.springframework.security.web.savedrequest.RequestCacheAwareFilter@767c67ad, org.springframework.security.web.servletapi.SecurityContextHolderAwareRequestFilter@392f33e5, org.springframework.security.web.authentication.AnonymousAuthenticationFilter@3047fe4f, org.springframework.security.web.session.SessionManagementFilter@18a1fe4b, org.springframework.security.web.access.ExceptionTranslationFilter@288fa27, org.springframework.security.web.access.intercept.FilterSecurityInterceptor@666ccb49]
2023-01-14 13:46:01 [restartedMain] INFO  s.d.s.w.PropertySourcedRequestMappingHandlerMapping - Mapped URL path [/v2/api-docs] onto method [springfox.documentation.swagger2.web.Swagger2Controller#getDocumentation(String, HttpServletRequest)]
2023-01-14 13:46:01 [restartedMain] INFO  o.s.b.d.a.OptionalLiveReloadServer - LiveReload server is running on port 35729
2023-01-14 13:46:01 [restartedMain] WARN  o.s.b.a.o.j.JpaBaseConfiguration$JpaWebConfiguration - spring.jpa.open-in-view is enabled by default. Therefore, database queries may be performed during view rendering. Explicitly configure spring.jpa.open-in-view to disable this warning
2023-01-14 13:46:01 [restartedMain] WARN  o.s.b.a.f.FreeMarkerAutoConfiguration - Cannot find template location(s): [classpath:/templates/] (please add some templates, check your FreeMarker configuration, or set spring.freemarker.checkTemplateLocation=false)
2023-01-14 13:46:01 [restartedMain] INFO  o.s.b.w.e.tomcat.TomcatWebServer - Tomcat started on port(s): 8090 (http) with context path ''
2023-01-14 13:46:01 [restartedMain] INFO  s.d.s.w.p.DocumentationPluginsBootstrapper - Context refreshed
2023-01-14 13:46:01 [restartedMain] INFO  s.d.s.w.p.DocumentationPluginsBootstrapper - Found 1 custom documentation plugin(s)
2023-01-14 13:46:01 [restartedMain] INFO  s.d.s.w.s.ApiListingReferenceScanner - Scanning for api listing references
2023-01-14 13:46:02 [restartedMain] INFO  s.d.s.w.r.o.CachingOperationNameGenerator - Generating unique operation named: getAppointmentsByDoctorIdAndAppointmentDateUsingGET_1
2023-01-14 13:46:02 [restartedMain] INFO  com.hms.api.HmsApplication - Started HmsApplication in 5.757 seconds (JVM running for 6.59)
2023-01-14 13:50:39 [http-nio-8090-exec-1] INFO  o.a.c.c.C.[Tomcat].[localhost].[/] - Initializing Spring DispatcherServlet 'dispatcherServlet'
2023-01-14 13:50:39 [http-nio-8090-exec-1] INFO  o.s.web.servlet.DispatcherServlet - Initializing Servlet 'dispatcherServlet'
2023-01-14 13:50:39 [http-nio-8090-exec-1] INFO  o.s.web.servlet.DispatcherServlet - Completed initialization in 0 ms
2023-01-14 13:50:39 [http-nio-8090-exec-1] WARN  o.s.w.s.m.s.DefaultHandlerExceptionResolver - Resolved [org.springframework.web.HttpRequestMethodNotSupportedException: Request method 'GET' not supported]
2023-01-14 13:51:26 [http-nio-8090-exec-3] WARN  o.s.w.s.m.s.DefaultHandlerExceptionResolver - Resolved [org.springframework.web.HttpRequestMethodNotSupportedException: Request method 'GET' not supported]
2023-01-14 13:51:58 [http-nio-8090-exec-4] WARN  o.s.w.s.m.s.DefaultHandlerExceptionResolver - Resolved [org.springframework.web.HttpRequestMethodNotSupportedException: Request method 'GET' not supported]
2023-01-14 13:53:35 [http-nio-8090-exec-8] WARN  org.hibernate.orm.deprecation - HHH90000022: Hibernate's legacy org.hibernate.Criteria API is deprecated; use the JPA javax.persistence.criteria.CriteriaQuery instead
2023-01-14 13:59:08 [http-nio-8090-exec-2] INFO  c.hms.api.controller.AdminController - Added User :User [username=xyz, firstname=Xyz, lastname=Zyx, emailid=xyz@gmail.com, password=$2a$10$cwTQUGBwlHiIUU5OpTEQB.PuUTcdjNWRN1lGZ97WHHpOSGWWBEGDi, mobileno=9870654362, street=Karve Nagar, city=Pune, pincode=411052, type=ADMIN, Question=What is your year of birth?, answer=1997, createdDate=2023-01-14, roles=[Role [id=3, name=null]]]
2023-01-14 14:02:30 [http-nio-8090-exec-3] WARN  o.s.w.s.m.s.DefaultHandlerExceptionResolver - Resolved [org.springframework.web.HttpRequestMethodNotSupportedException: Request method 'POST' not supported]
2023-01-14 14:04:37 [restartedMain] INFO  com.hms.api.HmsApplication - Starting HmsApplication using Java 17 on LENOVO with PID 10576 (C:\Workspace\final industrialproject\HMS\target\classes started by RAM in C:\Workspace\final industrialproject\HMS)
2023-01-14 14:04:37 [restartedMain] INFO  com.hms.api.HmsApplication - No active profile set, falling back to default profiles: default
2023-01-14 14:04:38 [restartedMain] INFO  o.s.d.r.c.RepositoryConfigurationDelegate - Bootstrapping Spring Data JPA repositories in DEFAULT mode.
2023-01-14 14:04:38 [restartedMain] INFO  o.s.d.r.c.RepositoryConfigurationDelegate - Finished Spring Data repository scanning in 8 ms. Found 0 JPA repository interfaces.
2023-01-14 14:04:38 [restartedMain] INFO  o.s.b.w.e.tomcat.TomcatWebServer - Tomcat initialized with port(s): 8090 (http)
2023-01-14 14:04:38 [restartedMain] INFO  o.a.catalina.core.StandardService - Starting service [Tomcat]
2023-01-14 14:04:38 [restartedMain] INFO  o.a.catalina.core.StandardEngine - Starting Servlet engine: [Apache Tomcat/9.0.48]
2023-01-14 14:04:38 [restartedMain] INFO  o.a.c.c.C.[Tomcat].[localhost].[/] - Initializing Spring embedded WebApplicationContext
2023-01-14 14:04:38 [restartedMain] INFO  o.s.b.w.s.c.ServletWebServerApplicationContext - Root WebApplicationContext: initialization completed in 503 ms
2023-01-14 14:04:39 [restartedMain] INFO  org.hibernate.dialect.Dialect - HHH000400: Using dialect: org.hibernate.dialect.MySQL8Dialect
2023-01-14 14:04:39 [restartedMain] INFO  o.h.e.t.j.p.i.JtaPlatformInitiator - HHH000490: Using JtaPlatform implementation: [org.hibernate.engine.transaction.jta.platform.internal.NoJtaPlatform]
2023-01-14 14:04:39 [restartedMain] WARN  o.a.c.c.C.[Tomcat].[localhost].[/] - Cannot deserialize session attribute [SPRING_SECURITY_CONTEXT] for session [4F02401A2D0ED5C1EDC2F28D8B9E78AC]
2023-01-14 14:04:39 [restartedMain] ERROR o.a.catalina.session.StandardManager - Exception loading sessions from persistent storage
java.io.StreamCorruptedException: invalid type code: 00
	at java.base/java.io.ObjectInputStream.readObject0(ObjectInputStream.java:1773) ~[na:na]
	at java.base/java.io.ObjectInputStream$FieldValues.<init>(ObjectInputStream.java:2584) ~[na:na]
	at java.base/java.io.ObjectInputStream.defaultReadObject(ObjectInputStream.java:652) ~[na:na]
	at java.base/java.lang.Throwable.readObject(Throwable.java:912) ~[na:na]
	at java.base/jdk.internal.reflect.NativeMethodAccessorImpl.invoke0(Native Method) ~[na:na]
	at java.base/jdk.internal.reflect.NativeMethodAccessorImpl.invoke(NativeMethodAccessorImpl.java:77) ~[na:na]
	at java.base/jdk.internal.reflect.DelegatingMethodAccessorImpl.invoke(DelegatingMethodAccessorImpl.java:43) ~[na:na]
	at java.base/java.lang.reflect.Method.invoke(Method.java:568) ~[na:na]
	at java.base/java.io.ObjectStreamClass.invokeReadObject(ObjectStreamClass.java:1231) ~[na:na]
	at java.base/java.io.ObjectInputStream.readSerialData(ObjectInputStream.java:2408) ~[na:na]
	at java.base/java.io.ObjectInputStream.readOrdinaryObject(ObjectInputStream.java:2242) ~[na:na]
	at java.base/java.io.ObjectInputStream.readObject0(ObjectInputStream.java:1742) ~[na:na]
	at java.base/java.io.ObjectInputStream.readObject(ObjectInputStream.java:514) ~[na:na]
	at java.base/java.io.ObjectInputStream.readObject(ObjectInputStream.java:472) ~[na:na]
	at org.apache.catalina.session.StandardSession.doReadObject(StandardSession.java:1565) ~[tomcat-embed-core-9.0.48.jar:9.0.48]
	at org.apache.catalina.session.StandardSession.readObjectData(StandardSession.java:1050) ~[tomcat-embed-core-9.0.48.jar:9.0.48]
	at org.apache.catalina.session.StandardManager.doLoad(StandardManager.java:219) ~[tomcat-embed-core-9.0.48.jar:9.0.48]
	at org.apache.catalina.session.StandardManager.load(StandardManager.java:162) ~[tomcat-embed-core-9.0.48.jar:9.0.48]
	at org.apache.catalina.session.StandardManager.startInternal(StandardManager.java:356) ~[tomcat-embed-core-9.0.48.jar:9.0.48]
	at org.apache.catalina.util.LifecycleBase.start(LifecycleBase.java:183) ~[tomcat-embed-core-9.0.48.jar:9.0.48]
	at org.apache.catalina.core.StandardContext.startInternal(StandardContext.java:5247) ~[tomcat-embed-core-9.0.48.jar:9.0.48]
	at org.apache.catalina.util.LifecycleBase.start(LifecycleBase.java:183) ~[tomcat-embed-core-9.0.48.jar:9.0.48]
	at org.apache.catalina.core.ContainerBase$StartChild.call(ContainerBase.java:1398) ~[tomcat-embed-core-9.0.48.jar:9.0.48]
	at org.apache.catalina.core.ContainerBase$StartChild.call(ContainerBase.java:1388) ~[tomcat-embed-core-9.0.48.jar:9.0.48]
	at java.base/java.util.concurrent.FutureTask.run(FutureTask.java:264) ~[na:na]
	at org.apache.tomcat.util.threads.InlineExecutorService.execute(InlineExecutorService.java:75) ~[tomcat-embed-core-9.0.48.jar:9.0.48]
	at java.base/java.util.concurrent.AbstractExecutorService.submit(AbstractExecutorService.java:145) ~[na:na]
	at org.apache.catalina.core.ContainerBase.startInternal(ContainerBase.java:921) ~[tomcat-embed-core-9.0.48.jar:9.0.48]
	at org.apache.catalina.core.StandardHost.startInternal(StandardHost.java:835) ~[tomcat-embed-core-9.0.48.jar:9.0.48]
	at org.apache.catalina.util.LifecycleBase.start(LifecycleBase.java:183) ~[tomcat-embed-core-9.0.48.jar:9.0.48]
	at org.apache.catalina.core.ContainerBase$StartChild.call(ContainerBase.java:1398) ~[tomcat-embed-core-9.0.48.jar:9.0.48]
	at org.apache.catalina.core.ContainerBase$StartChild.call(ContainerBase.java:1388) ~[tomcat-embed-core-9.0.48.jar:9.0.48]
	at java.base/java.util.concurrent.FutureTask.run(FutureTask.java:264) ~[na:na]
	at org.apache.tomcat.util.threads.InlineExecutorService.execute(InlineExecutorService.java:75) ~[tomcat-embed-core-9.0.48.jar:9.0.48]
	at java.base/java.util.concurrent.AbstractExecutorService.submit(AbstractExecutorService.java:145) ~[na:na]
	at org.apache.catalina.core.ContainerBase.startInternal(ContainerBase.java:921) ~[tomcat-embed-core-9.0.48.jar:9.0.48]
	at org.apache.catalina.core.StandardEngine.startInternal(StandardEngine.java:263) ~[tomcat-embed-core-9.0.48.jar:9.0.48]
	at org.apache.catalina.util.LifecycleBase.start(LifecycleBase.java:183) ~[tomcat-embed-core-9.0.48.jar:9.0.48]
	at org.apache.catalina.core.StandardService.startInternal(StandardService.java:437) ~[tomcat-embed-core-9.0.48.jar:9.0.48]
	at org.apache.catalina.util.LifecycleBase.start(LifecycleBase.java:183) ~[tomcat-embed-core-9.0.48.jar:9.0.48]
	at org.apache.catalina.core.StandardServer.startInternal(StandardServer.java:934) ~[tomcat-embed-core-9.0.48.jar:9.0.48]
	at org.apache.catalina.util.LifecycleBase.start(LifecycleBase.java:183) ~[tomcat-embed-core-9.0.48.jar:9.0.48]
	at org.apache.catalina.startup.Tomcat.start(Tomcat.java:486) ~[tomcat-embed-core-9.0.48.jar:9.0.48]
	at org.springframework.boot.web.embedded.tomcat.TomcatWebServer.initialize(TomcatWebServer.java:123) ~[spring-boot-2.5.2.jar:2.5.2]
	at org.springframework.boot.web.embedded.tomcat.TomcatWebServer.<init>(TomcatWebServer.java:104) ~[spring-boot-2.5.2.jar:2.5.2]
	at org.springframework.boot.web.embedded.tomcat.TomcatServletWebServerFactory.getTomcatWebServer(TomcatServletWebServerFactory.java:450) ~[spring-boot-2.5.2.jar:2.5.2]
	at org.springframework.boot.web.embedded.tomcat.TomcatServletWebServerFactory.getWebServer(TomcatServletWebServerFactory.java:199) ~[spring-boot-2.5.2.jar:2.5.2]
	at org.springframework.boot.web.servlet.context.ServletWebServerApplicationContext.createWebServer(ServletWebServerApplicationContext.java:182) ~[spring-boot-2.5.2.jar:2.5.2]
	at org.springframework.boot.web.servlet.context.ServletWebServerApplicationContext.onRefresh(ServletWebServerApplicationContext.java:160) ~[spring-boot-2.5.2.jar:2.5.2]
	at org.springframework.context.support.AbstractApplicationContext.refresh(AbstractApplicationContext.java:577) ~[spring-context-5.3.8.jar:5.3.8]
	at org.springframework.boot.web.servlet.context.ServletWebServerApplicationContext.refresh(ServletWebServerApplicationContext.java:145) ~[spring-boot-2.5.2.jar:2.5.2]
	at org.springframework.boot.SpringApplication.refresh(SpringApplication.java:754) ~[spring-boot-2.5.2.jar:2.5.2]
	at org.springframework.boot.SpringApplication.refreshContext(SpringApplication.java:434) ~[spring-boot-2.5.2.jar:2.5.2]
	at org.springframework.boot.SpringApplication.run(SpringApplication.java:338) ~[spring-boot-2.5.2.jar:2.5.2]
	at org.springframework.boot.SpringApplication.run(SpringApplication.java:1343) ~[spring-boot-2.5.2.jar:2.5.2]
	at org.springframework.boot.SpringApplication.run(SpringApplication.java:1332) ~[spring-boot-2.5.2.jar:2.5.2]
	at com.hms.api.HmsApplication.main(HmsApplication.java:14) ~[classes/:na]
	at java.base/jdk.internal.reflect.NativeMethodAccessorImpl.invoke0(Native Method) ~[na:na]
	at java.base/jdk.internal.reflect.NativeMethodAccessorImpl.invoke(NativeMethodAccessorImpl.java:77) ~[na:na]
	at java.base/jdk.internal.reflect.DelegatingMethodAccessorImpl.invoke(DelegatingMethodAccessorImpl.java:43) ~[na:na]
	at java.base/java.lang.reflect.Method.invoke(Method.java:568) ~[na:na]
	at org.springframework.boot.devtools.restart.RestartLauncher.run(RestartLauncher.java:49) ~[spring-boot-devtools-2.5.2.jar:2.5.2]
2023-01-14 14:04:39 [restartedMain] INFO  o.s.s.web.DefaultSecurityFilterChain - Will secure Ant [pattern='/v2/api-docs'] with []
2023-01-14 14:04:39 [restartedMain] INFO  o.s.s.web.DefaultSecurityFilterChain - Will secure Ant [pattern='/configuration/ui'] with []
2023-01-14 14:04:39 [restartedMain] INFO  o.s.s.web.DefaultSecurityFilterChain - Will secure Ant [pattern='/swagger-resources/**'] with []
2023-01-14 14:04:39 [restartedMain] INFO  o.s.s.web.DefaultSecurityFilterChain - Will secure Ant [pattern='/configuration/security'] with []
2023-01-14 14:04:39 [restartedMain] INFO  o.s.s.web.DefaultSecurityFilterChain - Will secure Ant [pattern='/swagger-ui.html#/**'] with []
2023-01-14 14:04:39 [restartedMain] INFO  o.s.s.web.DefaultSecurityFilterChain - Will secure Ant [pattern='/webjars/**'] with []
2023-01-14 14:04:39 [restartedMain] INFO  o.s.s.web.DefaultSecurityFilterChain - Will secure any request with [org.springframework.security.web.context.request.async.WebAsyncManagerIntegrationFilter@5ce18c96, org.springframework.security.web.context.SecurityContextPersistenceFilter@37746cec, org.springframework.security.web.header.HeaderWriterFilter@7c541798, org.springframework.security.web.authentication.logout.LogoutFilter@44ac7328, com.hms.api.config.JwtAuthenticationFilter@5aabee0e, org.springframework.security.web.authentication.www.BasicAuthenticationFilter@24e99769, org.springframework.security.web.savedrequest.RequestCacheAwareFilter@51d5ac3, org.springframework.security.web.servletapi.SecurityContextHolderAwareRequestFilter@5929752f, org.springframework.security.web.authentication.AnonymousAuthenticationFilter@3427ca8b, org.springframework.security.web.session.SessionManagementFilter@411b344, org.springframework.security.web.access.ExceptionTranslationFilter@706abba, org.springframework.security.web.access.intercept.FilterSecurityInterceptor@1313e76]
2023-01-14 14:04:39 [restartedMain] INFO  s.d.s.w.PropertySourcedRequestMappingHandlerMapping - Mapped URL path [/v2/api-docs] onto method [springfox.documentation.swagger2.web.Swagger2Controller#getDocumentation(String, HttpServletRequest)]
2023-01-14 14:04:39 [restartedMain] INFO  o.s.b.d.a.OptionalLiveReloadServer - LiveReload server is running on port 35729
2023-01-14 14:04:39 [restartedMain] WARN  o.s.b.a.o.j.JpaBaseConfiguration$JpaWebConfiguration - spring.jpa.open-in-view is enabled by default. Therefore, database queries may be performed during view rendering. Explicitly configure spring.jpa.open-in-view to disable this warning
2023-01-14 14:04:39 [restartedMain] WARN  o.s.b.a.f.FreeMarkerAutoConfiguration - Cannot find template location(s): [classpath:/templates/] (please add some templates, check your FreeMarker configuration, or set spring.freemarker.checkTemplateLocation=false)
2023-01-14 14:04:39 [restartedMain] INFO  o.s.b.w.e.tomcat.TomcatWebServer - Tomcat started on port(s): 8090 (http) with context path ''
2023-01-14 14:04:39 [restartedMain] INFO  s.d.s.w.p.DocumentationPluginsBootstrapper - Context refreshed
2023-01-14 14:04:39 [restartedMain] INFO  s.d.s.w.p.DocumentationPluginsBootstrapper - Found 1 custom documentation plugin(s)
2023-01-14 14:04:39 [restartedMain] INFO  s.d.s.w.s.ApiListingReferenceScanner - Scanning for api listing references
2023-01-14 14:04:39 [restartedMain] INFO  s.d.s.w.r.o.CachingOperationNameGenerator - Generating unique operation named: getAppointmentsByDoctorIdAndAppointmentDateUsingGET_1
2023-01-14 14:04:40 [restartedMain] INFO  com.hms.api.HmsApplication - Started HmsApplication in 2.262 seconds (JVM running for 1124.269)
2023-01-14 14:04:40 [restartedMain] INFO  o.s.b.d.a.ConditionEvaluationDeltaLoggingListener - Condition evaluation unchanged
2023-01-14 14:04:49 [RMI TCP Connection(31)-127.0.0.1] INFO  o.s.b.a.SpringApplicationAdminMXBeanRegistrar$SpringApplicationAdmin - Application shutdown requested.
2023-01-14 14:04:51 [restartedMain] INFO  com.hms.api.HmsApplication - Starting HmsApplication using Java 17 on LENOVO with PID 16152 (C:\Workspace\final industrialproject\HMS\target\classes started by RAM in C:\Workspace\final industrialproject\HMS)
2023-01-14 14:04:51 [restartedMain] INFO  com.hms.api.HmsApplication - No active profile set, falling back to default profiles: default
2023-01-14 14:04:51 [restartedMain] INFO  o.s.b.d.e.DevToolsPropertyDefaultsPostProcessor - Devtools property defaults active! Set 'spring.devtools.add-properties' to 'false' to disable
2023-01-14 14:04:51 [restartedMain] INFO  o.s.b.d.e.DevToolsPropertyDefaultsPostProcessor - For additional web related logging consider setting the 'logging.level.web' property to 'DEBUG'
2023-01-14 14:04:52 [restartedMain] INFO  o.s.d.r.c.RepositoryConfigurationDelegate - Bootstrapping Spring Data JPA repositories in DEFAULT mode.
2023-01-14 14:04:52 [restartedMain] INFO  o.s.d.r.c.RepositoryConfigurationDelegate - Finished Spring Data repository scanning in 12 ms. Found 0 JPA repository interfaces.
2023-01-14 14:04:52 [restartedMain] INFO  o.s.b.w.e.tomcat.TomcatWebServer - Tomcat initialized with port(s): 8090 (http)
2023-01-14 14:04:52 [restartedMain] INFO  o.a.catalina.core.StandardService - Starting service [Tomcat]
2023-01-14 14:04:52 [restartedMain] INFO  o.a.catalina.core.StandardEngine - Starting Servlet engine: [Apache Tomcat/9.0.48]
2023-01-14 14:04:52 [restartedMain] INFO  o.a.c.c.C.[Tomcat].[localhost].[/] - Initializing Spring embedded WebApplicationContext
2023-01-14 14:04:52 [restartedMain] INFO  o.s.b.w.s.c.ServletWebServerApplicationContext - Root WebApplicationContext: initialization completed in 1317 ms
2023-01-14 14:04:53 [restartedMain] INFO  org.hibernate.Version - HHH000412: Hibernate ORM core version 5.4.32.Final
2023-01-14 14:04:54 [restartedMain] INFO  o.h.annotations.common.Version - HCANN000001: Hibernate Commons Annotations {5.1.2.Final}
2023-01-14 14:04:54 [restartedMain] INFO  org.hibernate.dialect.Dialect - HHH000400: Using dialect: org.hibernate.dialect.MySQL8Dialect
2023-01-14 14:04:55 [restartedMain] INFO  o.h.e.t.j.p.i.JtaPlatformInitiator - HHH000490: Using JtaPlatform implementation: [org.hibernate.engine.transaction.jta.platform.internal.NoJtaPlatform]
2023-01-14 14:04:55 [restartedMain] INFO  o.s.s.web.DefaultSecurityFilterChain - Will secure Ant [pattern='/v2/api-docs'] with []
2023-01-14 14:04:55 [restartedMain] INFO  o.s.s.web.DefaultSecurityFilterChain - Will secure Ant [pattern='/configuration/ui'] with []
2023-01-14 14:04:55 [restartedMain] INFO  o.s.s.web.DefaultSecurityFilterChain - Will secure Ant [pattern='/swagger-resources/**'] with []
2023-01-14 14:04:55 [restartedMain] INFO  o.s.s.web.DefaultSecurityFilterChain - Will secure Ant [pattern='/configuration/security'] with []
2023-01-14 14:04:55 [restartedMain] INFO  o.s.s.web.DefaultSecurityFilterChain - Will secure Ant [pattern='/swagger-ui.html#/**'] with []
2023-01-14 14:04:55 [restartedMain] INFO  o.s.s.web.DefaultSecurityFilterChain - Will secure Ant [pattern='/webjars/**'] with []
2023-01-14 14:04:55 [restartedMain] INFO  o.s.s.web.DefaultSecurityFilterChain - Will secure any request with [org.springframework.security.web.context.request.async.WebAsyncManagerIntegrationFilter@aee839b, org.springframework.security.web.context.SecurityContextPersistenceFilter@619d61d5, org.springframework.security.web.header.HeaderWriterFilter@22952b37, org.springframework.security.web.authentication.logout.LogoutFilter@1b478190, com.hms.api.config.JwtAuthenticationFilter@65f03551, org.springframework.security.web.authentication.www.BasicAuthenticationFilter@41aaa8e5, org.springframework.security.web.savedrequest.RequestCacheAwareFilter@767c67ad, org.springframework.security.web.servletapi.SecurityContextHolderAwareRequestFilter@392f33e5, org.springframework.security.web.authentication.AnonymousAuthenticationFilter@3047fe4f, org.springframework.security.web.session.SessionManagementFilter@18a1fe4b, org.springframework.security.web.access.ExceptionTranslationFilter@288fa27, org.springframework.security.web.access.intercept.FilterSecurityInterceptor@666ccb49]
2023-01-14 14:04:55 [restartedMain] INFO  s.d.s.w.PropertySourcedRequestMappingHandlerMapping - Mapped URL path [/v2/api-docs] onto method [springfox.documentation.swagger2.web.Swagger2Controller#getDocumentation(String, HttpServletRequest)]
2023-01-14 14:04:55 [restartedMain] INFO  o.s.b.d.a.OptionalLiveReloadServer - LiveReload server is running on port 35729
2023-01-14 14:04:55 [restartedMain] WARN  o.s.b.a.o.j.JpaBaseConfiguration$JpaWebConfiguration - spring.jpa.open-in-view is enabled by default. Therefore, database queries may be performed during view rendering. Explicitly configure spring.jpa.open-in-view to disable this warning
2023-01-14 14:04:55 [restartedMain] WARN  o.s.b.a.f.FreeMarkerAutoConfiguration - Cannot find template location(s): [classpath:/templates/] (please add some templates, check your FreeMarker configuration, or set spring.freemarker.checkTemplateLocation=false)
2023-01-14 14:04:56 [restartedMain] INFO  o.s.b.w.e.tomcat.TomcatWebServer - Tomcat started on port(s): 8090 (http) with context path ''
2023-01-14 14:04:56 [restartedMain] INFO  s.d.s.w.p.DocumentationPluginsBootstrapper - Context refreshed
2023-01-14 14:04:56 [restartedMain] INFO  s.d.s.w.p.DocumentationPluginsBootstrapper - Found 1 custom documentation plugin(s)
2023-01-14 14:04:56 [restartedMain] INFO  s.d.s.w.s.ApiListingReferenceScanner - Scanning for api listing references
2023-01-14 14:04:56 [restartedMain] INFO  s.d.s.w.r.o.CachingOperationNameGenerator - Generating unique operation named: getAppointmentsByDoctorIdAndAppointmentDateUsingGET_1
2023-01-14 14:04:56 [restartedMain] INFO  com.hms.api.HmsApplication - Started HmsApplication in 5.187 seconds (JVM running for 5.918)
2023-01-14 14:05:46 [http-nio-8090-exec-3] INFO  o.a.c.c.C.[Tomcat].[localhost].[/] - Initializing Spring DispatcherServlet 'dispatcherServlet'
2023-01-14 14:05:46 [http-nio-8090-exec-3] INFO  o.s.web.servlet.DispatcherServlet - Initializing Servlet 'dispatcherServlet'
2023-01-14 14:05:46 [http-nio-8090-exec-3] INFO  o.s.web.servlet.DispatcherServlet - Completed initialization in 8 ms
2023-01-14 14:44:56 [http-nio-8090-exec-1] INFO  c.hms.api.controller.AdminController - User Deleted ID: xyz
2023-01-14 16:35:55 [restartedMain] INFO  com.hms.api.HmsApplication - Starting HmsApplication using Java 17 on LENOVO with PID 16152 (C:\Workspace\final industrialproject\HMS\target\classes started by RAM in C:\Workspace\final industrialproject\HMS)
2023-01-14 16:35:55 [restartedMain] INFO  com.hms.api.HmsApplication - No active profile set, falling back to default profiles: default
2023-01-14 16:35:56 [restartedMain] INFO  o.s.d.r.c.RepositoryConfigurationDelegate - Bootstrapping Spring Data JPA repositories in DEFAULT mode.
2023-01-14 16:35:56 [restartedMain] INFO  o.s.d.r.c.RepositoryConfigurationDelegate - Finished Spring Data repository scanning in 25 ms. Found 0 JPA repository interfaces.
2023-01-14 16:35:56 [restartedMain] INFO  o.s.b.w.e.tomcat.TomcatWebServer - Tomcat initialized with port(s): 8090 (http)
2023-01-14 16:35:56 [restartedMain] INFO  o.a.catalina.core.StandardService - Starting service [Tomcat]
2023-01-14 16:35:56 [restartedMain] INFO  o.a.catalina.core.StandardEngine - Starting Servlet engine: [Apache Tomcat/9.0.48]
2023-01-14 16:35:56 [restartedMain] INFO  o.a.c.c.C.[Tomcat-1].[localhost].[/] - Initializing Spring embedded WebApplicationContext
2023-01-14 16:35:56 [restartedMain] INFO  o.s.b.w.s.c.ServletWebServerApplicationContext - Root WebApplicationContext: initialization completed in 873 ms
2023-01-14 16:35:59 [restartedMain] INFO  org.hibernate.dialect.Dialect - HHH000400: Using dialect: org.hibernate.dialect.MySQL8Dialect
2023-01-14 16:35:59 [restartedMain] INFO  o.h.e.t.j.p.i.JtaPlatformInitiator - HHH000490: Using JtaPlatform implementation: [org.hibernate.engine.transaction.jta.platform.internal.NoJtaPlatform]
2023-01-14 16:36:00 [restartedMain] INFO  o.s.s.web.DefaultSecurityFilterChain - Will secure Ant [pattern='/v2/api-docs'] with []
2023-01-14 16:36:00 [restartedMain] INFO  o.s.s.web.DefaultSecurityFilterChain - Will secure Ant [pattern='/configuration/ui'] with []
2023-01-14 16:36:00 [restartedMain] INFO  o.s.s.web.DefaultSecurityFilterChain - Will secure Ant [pattern='/swagger-resources/**'] with []
2023-01-14 16:36:00 [restartedMain] INFO  o.s.s.web.DefaultSecurityFilterChain - Will secure Ant [pattern='/configuration/security'] with []
2023-01-14 16:36:00 [restartedMain] INFO  o.s.s.web.DefaultSecurityFilterChain - Will secure Ant [pattern='/swagger-ui.html#/**'] with []
2023-01-14 16:36:00 [restartedMain] INFO  o.s.s.web.DefaultSecurityFilterChain - Will secure Ant [pattern='/webjars/**'] with []
2023-01-14 16:36:00 [restartedMain] INFO  o.s.s.web.DefaultSecurityFilterChain - Will secure any request with [org.springframework.security.web.context.request.async.WebAsyncManagerIntegrationFilter@6bd40938, org.springframework.security.web.context.SecurityContextPersistenceFilter@6b1abf3e, org.springframework.security.web.header.HeaderWriterFilter@55bf3ad9, org.springframework.security.web.authentication.logout.LogoutFilter@6cd88d7, com.hms.api.config.JwtAuthenticationFilter@16f75bef, org.springframework.security.web.authentication.www.BasicAuthenticationFilter@38aa31d7, org.springframework.security.web.savedrequest.RequestCacheAwareFilter@207af7e1, org.springframework.security.web.servletapi.SecurityContextHolderAwareRequestFilter@c3f68c5, org.springframework.security.web.authentication.AnonymousAuthenticationFilter@fd25f8e, org.springframework.security.web.session.SessionManagementFilter@2352f927, org.springframework.security.web.access.ExceptionTranslationFilter@4d9ee42, org.springframework.security.web.access.intercept.FilterSecurityInterceptor@7c5fb8e5]
2023-01-14 16:36:00 [restartedMain] INFO  s.d.s.w.PropertySourcedRequestMappingHandlerMapping - Mapped URL path [/v2/api-docs] onto method [springfox.documentation.swagger2.web.Swagger2Controller#getDocumentation(String, HttpServletRequest)]
2023-01-14 16:36:00 [restartedMain] INFO  o.s.b.d.a.OptionalLiveReloadServer - LiveReload server is running on port 35729
2023-01-14 16:36:00 [restartedMain] WARN  o.s.b.a.o.j.JpaBaseConfiguration$JpaWebConfiguration - spring.jpa.open-in-view is enabled by default. Therefore, database queries may be performed during view rendering. Explicitly configure spring.jpa.open-in-view to disable this warning
2023-01-14 16:36:00 [restartedMain] WARN  o.s.b.a.f.FreeMarkerAutoConfiguration - Cannot find template location(s): [classpath:/templates/] (please add some templates, check your FreeMarker configuration, or set spring.freemarker.checkTemplateLocation=false)
2023-01-14 16:36:00 [restartedMain] INFO  o.s.b.w.e.tomcat.TomcatWebServer - Tomcat started on port(s): 8090 (http) with context path ''
2023-01-14 16:36:00 [restartedMain] INFO  s.d.s.w.p.DocumentationPluginsBootstrapper - Context refreshed
2023-01-14 16:36:00 [restartedMain] INFO  s.d.s.w.p.DocumentationPluginsBootstrapper - Found 1 custom documentation plugin(s)
2023-01-14 16:36:00 [restartedMain] INFO  s.d.s.w.s.ApiListingReferenceScanner - Scanning for api listing references
2023-01-14 16:36:00 [restartedMain] INFO  s.d.s.w.r.o.CachingOperationNameGenerator - Generating unique operation named: getAppointmentsByDoctorIdAndAppointmentDateUsingGET_1
2023-01-14 16:36:01 [restartedMain] INFO  com.hms.api.HmsApplication - Started HmsApplication in 5.364 seconds (JVM running for 9070.776)
2023-01-14 16:36:01 [restartedMain] INFO  o.s.b.d.a.ConditionEvaluationDeltaLoggingListener - Condition evaluation unchanged
2023-01-14 16:56:58 [RMI TCP Connection(74)-127.0.0.1] INFO  o.s.b.a.SpringApplicationAdminMXBeanRegistrar$SpringApplicationAdmin - Application shutdown requested.
